<?xml version="1.0" encoding="UTF-8"?>
<testsuite xmlns:xsi="http://www.w3.org/2001/XMLSchema-instance" xsi:noNamespaceSchemaLocation="https://maven.apache.org/surefire/maven-surefire-plugin/xsd/surefire-test-report-3.0.xsd" version="3.0" name="com.silegio.nfon.client.AuthTest" time="0.135" tests="4" errors="0" skipped="0" failures="0">
  <properties>
[...]
</properties>
  <testcase name="testGetAuthentication" classname="com.silegio.nfon.client.AuthTest" time="0.095"/>
  <testcase name="testGetAuthentication2" classname="com.silegio.nfon.client.AuthTest" time="0.0"/>
  <testcase name="testDateTimeFormat" classname="com.silegio.nfon.client.AuthTest" time="0.003">
    <system-err><![CDATA[Mon, 20 Nov 2023 11:37:29 GMT
]]></system-err>
  </testcase>
  <testcase name="testGetAuthenticationWithDate" classname="com.silegio.nfon.client.AuthTest" time="0.0"/>
</testsuite>